[debug] [2018-01-21T18:37:05.820Z] ----------------------------------------------------------------------
[debug] [2018-01-21T18:37:05.822Z] Command:       /Users/grantgarland/.nvm/versions/node/v6.11.1/bin/node /Users/grantgarland/.nvm/versions/node/v6.11.1/bin/firebase deploy
[debug] [2018-01-21T18:37:05.822Z] CLI Version:   3.17.3
[debug] [2018-01-21T18:37:05.822Z] Platform:      darwin
[debug] [2018-01-21T18:37:05.822Z] Node Version:  v6.11.1
[debug] [2018-01-21T18:37:05.823Z] Time:          Sun Jan 21 2018 13:37:05 GMT-0500 (EST)
[debug] [2018-01-21T18:37:05.823Z] ----------------------------------------------------------------------
[debug] 
[debug] [2018-01-21T18:37:05.837Z] > command requires scopes: ["email","openid","https://www.googleapis.com/auth/cloudplatformprojects.readonly","https://www.googleapis.com/auth/firebase","https://www.googleapis.com/auth/cloud-platform"]
[debug] [2018-01-21T18:37:05.837Z] > authorizing via signed-in user
[debug] [2018-01-21T18:37:05.839Z] > refreshing access token with scopes: ["email","https://www.googleapis.com/auth/cloud-platform","https://www.googleapis.com/auth/cloudplatformprojects.readonly","https://www.googleapis.com/auth/firebase","openid"]
[debug] [2018-01-21T18:37:05.839Z] >>> HTTP REQUEST POST https://www.googleapis.com/oauth2/v3/token  
 { refresh_token: '1/OROiiDAxpE6dKJ5Cga_5WKLo-pdEg-ZbQT3vNyzxFFs',
  client_id: '563584335869-fgrhgmd47bqnekij5i8b5pr03ho849e6.apps.googleusercontent.com',
  client_secret: 'j9iVZfS8kkCEFUPaAeJV0sAi',
  grant_type: 'refresh_token',
  scope: 'email https://www.googleapis.com/auth/cloud-platform https://www.googleapis.com/auth/cloudplatformprojects.readonly https://www.googleapis.com/auth/firebase openid' } 
 Sun Jan 21 2018 13:37:05 GMT-0500 (EST)
[debug] [2018-01-21T18:37:06.088Z] <<< HTTP RESPONSE 200
[debug] [2018-01-21T18:37:06.107Z] >>> HTTP REQUEST GET https://admin.firebase.com/v1/projects/yin-timer  
  
 Sun Jan 21 2018 13:37:06 GMT-0500 (EST)
[debug] [2018-01-21T18:37:06.565Z] <<< HTTP RESPONSE 200
[debug] [2018-01-21T18:37:06.566Z] >>> HTTP REQUEST GET https://admin.firebase.com/v1/database/yin-timer/tokens  
  
 Sun Jan 21 2018 13:37:06 GMT-0500 (EST)
[debug] [2018-01-21T18:37:07.588Z] <<< HTTP RESPONSE 200
[info] 
[info] === Deploying to 'yin-timer'...
[info] 
[info] i  deploying database, functions
[info] i  database: checking rules syntax...
[debug] [2018-01-21T18:37:08.043Z] >>> HTTP REQUEST PUT https://yin-timer.firebaseio.com/.settings/rules.json?dryRun=true  
 {
  "rules": {
    ".read": "auth != null",
    ".write": "auth != null"
  }
} 
 Sun Jan 21 2018 13:37:08 GMT-0500 (EST)
[debug] [2018-01-21T18:37:08.646Z] <<< HTTP RESPONSE 200
[info] ✔  database: rules syntax for database yin-timer is valid
[debug] [2018-01-21T18:37:08.650Z] > [functions] package.json contents: {
  "name": "functions",
  "description": "Cloud Functions for Firebase",
  "scripts": {
    "serve": "firebase serve --only functions",
    "shell": "firebase experimental:functions:shell",
    "start": "npm run shell",
    "deploy": "firebase deploy --only functions",
    "logs": "firebase functions:log"
  },
  "dependencies": {
    "firebase-admin": "~5.8.1",
    "firebase-functions": "^0.8.1",
    "twilio": "^3.11.0"
  },
  "devDependencies": {},
  "private": true
}
[info] i  functions: ensuring necessary APIs are enabled...
[debug] [2018-01-21T18:37:08.652Z] >>> HTTP REQUEST GET https://servicemanagement.googleapis.com/v1/services/cloudfunctions.googleapis.com/projectSettings/yin-timer?view=CONSUMER_VIEW  
  
 Sun Jan 21 2018 13:37:08 GMT-0500 (EST)
[debug] [2018-01-21T18:37:08.652Z] >>> HTTP REQUEST GET https://servicemanagement.googleapis.com/v1/services/runtimeconfig.googleapis.com/projectSettings/yin-timer?view=CONSUMER_VIEW  
  
 Sun Jan 21 2018 13:37:08 GMT-0500 (EST)
[debug] [2018-01-21T18:37:09.338Z] <<< HTTP RESPONSE 200
[debug] [2018-01-21T18:37:09.340Z] <<< HTTP RESPONSE 200
[info] ✔  functions: all necessary APIs are enabled
[debug] [2018-01-21T18:37:09.341Z] >>> HTTP REQUEST GET https://appengine.googleapis.com/v1/apps/yin-timer  
  
 Sun Jan 21 2018 13:37:09 GMT-0500 (EST)
[debug] [2018-01-21T18:37:09.341Z] >>> HTTP REQUEST GET https://apikeys.googleapis.com/v1/projects/yin-timer/apiKeys  
  
 Sun Jan 21 2018 13:37:09 GMT-0500 (EST)
[debug] [2018-01-21T18:37:09.565Z] <<< HTTP RESPONSE 200
[debug] [2018-01-21T18:37:09.755Z] <<< HTTP RESPONSE 200
[info] i  functions: preparing functions directory for uploading...
[info] i  functions: packaged functions (38.22 KB) for uploading
[debug] [2018-01-21T18:37:11.031Z] >>> HTTP REQUEST GET https://www.googleapis.com/storage/v1/b/staging.yin-timer.appspot.com  
  
 Sun Jan 21 2018 13:37:11 GMT-0500 (EST)
[debug] [2018-01-21T18:37:11.212Z] <<< HTTP RESPONSE 403
[debug] [2018-01-21T18:37:11.213Z] <<< HTTP RESPONSE BODY
[warn] ⚠  functions: Upload Error: HTTP Error: 403, There is an account problem for the requested project.
[info] i  database: releasing rules...
[debug] [2018-01-21T18:37:11.216Z] >>> HTTP REQUEST PUT https://yin-timer.firebaseio.com/.settings/rules.json  
 {
  "rules": {
    ".read": "auth != null",
    ".write": "auth != null"
  }
} 
 Sun Jan 21 2018 13:37:11 GMT-0500 (EST)
[debug] [2018-01-21T18:37:11.795Z] <<< HTTP RESPONSE 200
[info] ✔  database: rules for database yin-timer released successfully
[debug] [2018-01-21T18:37:11.797Z] >>> HTTP REQUEST GET https://cloudfunctions.googleapis.com/v1/projects/yin-timer/locations/us-central1/functions  
  
 Sun Jan 21 2018 13:37:11 GMT-0500 (EST)
[debug] [2018-01-21T18:37:12.151Z] <<< HTTP RESPONSE 403
[debug] [2018-01-21T18:37:12.151Z] <<< HTTP RESPONSE BODY
[debug] [2018-01-21T18:37:12.152Z] [functions] failed to list functions for yin-timer
[debug] [2018-01-21T18:37:12.152Z] [functions] HTTP Error: 403, Permission denied: Consumer 'project:yin-timer' has been suspended.
[debug] [2018-01-21T18:37:12.357Z] 
[error] 
[error] Error: An unexpected error has occurred.
